<?xml version="1.0" encoding="UTF-8"?>
<testng-results ignored="0" total="1" passed="1" failed="0" skipped="0">
  <reporter-output>
  </reporter-output>
  <suite started-at="2020-09-06T16:21:15 IST" name="Default suite" finished-at="2020-09-06T16:21:24 IST" duration-ms="8350">
    <groups>
    </groups>
    <test started-at="2020-09-06T16:21:15 IST" name="Default test" finished-at="2020-09-06T16:21:24 IST" duration-ms="8350">
      <class name="testFrameworks.ExcelDriven">
        <test-method signature="PostExcel()[pri:0, instance:testFrameworks.ExcelDriven@229d10bd]" started-at="2020-09-06T16:21:15 IST" name="PostExcel" finished-at="2020-09-06T16:21:24 IST" duration-ms="8276" status="PASS">
          <reporter-output>
          </reporter-output>
        </test-method> <!-- PostExcel -->
      </class> <!-- testFrameworks.ExcelDriven -->
    </test> <!-- Default test -->
  </suite> <!-- Default suite -->
</testng-results>
